{"/Users/chelsea/Documents/expo-react-native-jest-testing-tutorial/App.js": {"path":"/Users/chelsea/Documents/expo-react-native-jest-testing-tutorial/App.js","statementMap":{"0":{"start":{"line":8,"column":2},"end":{"line":13,"column":4}},"1":{"start":{"line":16,"column":15},"end":{"line":23,"column":2}}},"fnMap":{"0":{"name":"App","decl":{"start":{"line":7,"column":24},"end":{"line":7,"column":27}},"loc":{"start":{"line":7,"column":30},"end":{"line":14,"column":1}},"line":7}},"branchMap":{},"s":{"0":2,"1":1},"f":{"0":2},"b":{},"_coverageSchema":"1a1c01bbd47fc00a2c39e90264f33305004495a9","hash":"b13cd3aac4225f7eba84a63bfc6ad20a26c10193"}
}
